<?xml version="1.0" encoding="UTF-8"?>
<testng-results skipped="0" failed="0" ignored="0" total="3" passed="3">
  <reporter-output>
  </reporter-output>
  <suite name="Default suite" duration-ms="10932" started-at="2021-04-03T04:16:17Z" finished-at="2021-04-03T04:16:28Z">
    <groups>
    </groups>
    <test name="Default test" duration-ms="10932" started-at="2021-04-03T04:16:17Z" finished-at="2021-04-03T04:16:28Z">
      <class name="pack1.D2_RestAssured_E2E_PostUpdateGet">
        <test-method status="PASS" signature="Post()[pri:0, instance:pack1.D2_RestAssured_E2E_PostUpdateGet@5e5792a0]" name="Post" duration-ms="5845" started-at="2021-04-03T09:46:17Z" finished-at="2021-04-03T09:46:23Z">
          <reporter-output>
          </reporter-output>
        </test-method> <!-- Post -->
        <test-method status="PASS" signature="Update()[pri:1, instance:pack1.D2_RestAssured_E2E_PostUpdateGet@5e5792a0]" name="Update" duration-ms="2863" started-at="2021-04-03T09:46:23Z" finished-at="2021-04-03T09:46:26Z">
          <reporter-output>
          </reporter-output>
        </test-method> <!-- Update -->
        <test-method status="PASS" signature="Get()[pri:2, instance:pack1.D2_RestAssured_E2E_PostUpdateGet@5e5792a0]" name="Get" duration-ms="2198" started-at="2021-04-03T09:46:26Z" finished-at="2021-04-03T09:46:28Z">
          <reporter-output>
          </reporter-output>
        </test-method> <!-- Get -->
      </class> <!-- pack1.D2_RestAssured_E2E_PostUpdateGet -->
    </test> <!-- Default test -->
  </suite> <!-- Default suite -->
</testng-results>
