<?xml version="1.0" encoding="UTF-8"?>
<!-- Generated by org.testng.reporters.JUnitXMLReporter -->
<testsuite hostname="DESKTOP-GAEG9SK" ignored="0" name="Default test" tests="3" failures="0" timestamp="03 Apr 2021 04:16:28 GMT" time="10.932" errors="0">
  <testcase name="Post" time="5.845" classname="pack1.D2_RestAssured_E2E_PostUpdateGet"/>
  <testcase name="Update" time="2.863" classname="pack1.D2_RestAssured_E2E_PostUpdateGet"/>
  <testcase name="Get" time="2.198" classname="pack1.D2_RestAssured_E2E_PostUpdateGet"/>
</testsuite> <!-- Default test -->
